# JRE version: Java(TM) SE Runtime Environment (8.0_73-b02) (build 1.8.0_73-b02)
# Java VM: Java HotSpot(TM) 64-Bit Server VM (25.73-b02 mixed mode bsd-amd64 compressed oops)
Heap:
 PSYoungGen      total 183296K, used 0K [0x0000000795580000, 0x00000007a0900000, 0x00000007c0000000)
  eden space 182784K, 0% used [0x0000000795580000,0x0000000795580000,0x00000007a0800000)
  from space 512K, 0% used [0x00000007a0880000,0x00000007a0880000,0x00000007a0900000)
  to   space 512K, 0% used [0x00000007a0800000,0x00000007a0800000,0x00000007a0880000)
 ParOldGen       total 1398272K, used 333K [0x0000000740000000, 0x0000000795580000, 0x0000000795580000)
  object space 1398272K, 0% used [0x0000000740000000,0x0000000740053460,0x0000000795580000)
 Metaspace       used 2816K, capacity 2898K, committed 3072K, reserved 1056768K
  class space    used 306K, capacity 386K, committed 512K, reserved 1048576K
GC Heap History (10 events):
Event: 0.817 GC heap before
{Heap before GC invocations=276 (full 138):
 PSYoungGen      total 180736K, used 0K [0x0000000795580000, 0x00000007a0680000, 0x00000007c0000000)
  eden space 180224K, 0% used [0x0000000795580000,0x0000000795580000,0x00000007a0580000)
  from space 512K, 0% used [0x00000007a0600000,0x00000007a0600000,0x00000007a0680000)
  to   space 512K, 0% used [0x00000007a0580000,0x00000007a0580000,0x00000007a0600000)
 ParOldGen       total 1398272K, used 333K [0x0000000740000000, 0x0000000795580000, 0x0000000795580000)
  object space 1398272K, 0% used [0x0000000740000000,0x0000000740053460,0x0000000795580000)
 Metaspace       used 2816K, capacity 2898K, committed 3072K, reserved 1056768K
  class space    used 306K, capacity 386K, committed 512K, reserved 1048576K
Event: 0.821 GC heap after
Heap after GC invocations=276 (full 138):
 PSYoungGen      total 180736K, used 0K [0x0000000795580000, 0x00000007a0680000, 0x00000007c0000000)
  eden space 180224K, 0% used [0x0000000795580000,0x0000000795580000,0x00000007a0580000)
  from space 512K, 0% used [0x00000007a0600000,0x00000007a0600000,0x00000007a0680000)
  to   space 512K, 0% used [0x00000007a0580000,0x00000007a0580000,0x00000007a0600000)
 ParOldGen       total 1398272K, used 333K [0x0000000740000000, 0x0000000795580000, 0x0000000795580000)
  object space 1398272K, 0% used [0x0000000740000000,0x0000000740053460,0x0000000795580000)
 Metaspace       used 2816K, capacity 2898K, committed 3072K, reserved 1056768K
  class space    used 306K, capacity 386K, committed 512K, reserved 1048576K
}
Event: 0.821 GC heap before
{Heap before GC invocations=277 (full 138):
 PSYoungGen      total 180736K, used 0K [0x0000000795580000, 0x00000007a0680000, 0x00000007c0000000)
  eden space 180224K, 0% used [0x0000000795580000,0x0000000795580000,0x00000007a0580000)
  from space 512K, 0% used [0x00000007a0600000,0x00000007a0600000,0x00000007a0680000)
  to   space 512K, 0% used [0x00000007a0580000,0x00000007a0580000,0x00000007a0600000)
 ParOldGen       total 1398272K, used 333K [0x0000000740000000, 0x0000000795580000, 0x0000000795580000)
  object space 1398272K, 0% used [0x0000000740000000,0x0000000740053460,0x0000000795580000)
 Metaspace       used 2816K, capacity 2898K, committed 3072K, reserved 1056768K
  class space    used 306K, capacity 386K, committed 512K, reserved 1048576K
Event: 0.821 GC heap after
Heap after GC invocations=277 (full 138):
 PSYoungGen      total 180736K, used 0K [0x0000000795580000, 0x00000007a0900000, 0x00000007c0000000)
  eden space 180224K, 0% used [0x0000000795580000,0x0000000795580000,0x00000007a0580000)
  from space 512K, 0% used [0x00000007a0580000,0x00000007a0580000,0x00000007a0600000)
  to   space 512K, 0% used [0x00000007a0880000,0x00000007a0880000,0x00000007a0900000)
 ParOldGen       total 1398272K, used 333K [0x0000000740000000, 0x0000000795580000, 0x0000000795580000)
  object space 1398272K, 0% used [0x0000000740000000,0x0000000740053460,0x0000000795580000)
 Metaspace       used 2816K, capacity 2898K, committed 3072K, reserved 1056768K
  class space    used 306K, capacity 386K, committed 512K, reserved 1048576K
}
Event: 0.821 GC heap before
{Heap before GC invocations=278 (full 139):
 PSYoungGen      total 180736K, used 0K [0x0000000795580000, 0x00000007a0900000, 0x00000007c0000000)
  eden space 180224K, 0% used [0x0000000795580000,0x0000000795580000,0x00000007a0580000)
  from space 512K, 0% used [0x00000007a0580000,0x00000007a0580000,0x00000007a0600000)
  to   space 512K, 0% used [0x00000007a0880000,0x00000007a0880000,0x00000007a0900000)
 ParOldGen       total 1398272K, used 333K [0x0000000740000000, 0x0000000795580000, 0x0000000795580000)
  object space 1398272K, 0% used [0x0000000740000000,0x0000000740053460,0x0000000795580000)
 Metaspace       used 2816K, capacity 2898K, committed 3072K, reserved 1056768K
  class space    used 306K, capacity 386K, committed 512K, reserved 1048576K
Event: 0.826 GC heap after
Heap after GC invocations=278 (full 139):
 PSYoungGen      total 180736K, used 0K [0x0000000795580000, 0x00000007a0900000, 0x00000007c0000000)
  eden space 180224K, 0% used [0x0000000795580000,0x0000000795580000,0x00000007a0580000)
  from space 512K, 0% used [0x00000007a0580000,0x00000007a0580000,0x00000007a0600000)
  to   space 512K, 0% used [0x00000007a0880000,0x00000007a0880000,0x00000007a0900000)
 ParOldGen       total 1398272K, used 333K [0x0000000740000000, 0x0000000795580000, 0x0000000795580000)
  object space 1398272K, 0% used [0x0000000740000000,0x0000000740053460,0x0000000795580000)
 Metaspace       used 2816K, capacity 2898K, committed 3072K, reserved 1056768K
  class space    used 306K, capacity 386K, committed 512K, reserved 1048576K
}
Event: 0.826 GC heap before
{Heap before GC invocations=279 (full 139):
 PSYoungGen      total 180736K, used 0K [0x0000000795580000, 0x00000007a0900000, 0x00000007c0000000)
  eden space 180224K, 0% used [0x0000000795580000,0x0000000795580000,0x00000007a0580000)
  from space 512K, 0% used [0x00000007a0580000,0x00000007a0580000,0x00000007a0600000)
  to   space 512K, 0% used [0x00000007a0880000,0x00000007a0880000,0x00000007a0900000)
 ParOldGen       total 1398272K, used 333K [0x0000000740000000, 0x0000000795580000, 0x0000000795580000)
  object space 1398272K, 0% used [0x0000000740000000,0x0000000740053460,0x0000000795580000)
 Metaspace       used 2816K, capacity 2898K, committed 3072K, reserved 1056768K
  class space    used 306K, capacity 386K, committed 512K, reserved 1048576K
Event: 0.826 GC heap after
Heap after GC invocations=279 (full 139):
 PSYoungGen      total 183296K, used 0K [0x0000000795580000, 0x00000007a0900000, 0x00000007c0000000)
  eden space 182784K, 0% used [0x0000000795580000,0x0000000795580000,0x00000007a0800000)
  from space 512K, 0% used [0x00000007a0880000,0x00000007a0880000,0x00000007a0900000)
  to   space 512K, 0% used [0x00000007a0800000,0x00000007a0800000,0x00000007a0880000)
 ParOldGen       total 1398272K, used 333K [0x0000000740000000, 0x0000000795580000, 0x0000000795580000)
  object space 1398272K, 0% used [0x0000000740000000,0x0000000740053460,0x0000000795580000)
 Metaspace       used 2816K, capacity 2898K, committed 3072K, reserved 1056768K
  class space    used 306K, capacity 386K, committed 512K, reserved 1048576K
}
Event: 0.826 GC heap before
{Heap before GC invocations=280 (full 140):
 PSYoungGen      total 183296K, used 0K [0x0000000795580000, 0x00000007a0900000, 0x00000007c0000000)
  eden space 182784K, 0% used [0x0000000795580000,0x0000000795580000,0x00000007a0800000)
  from space 512K, 0% used [0x00000007a0880000,0x00000007a0880000,0x00000007a0900000)
  to   space 512K, 0% used [0x00000007a0800000,0x00000007a0800000,0x00000007a0880000)
 ParOldGen       total 1398272K, used 333K [0x0000000740000000, 0x0000000795580000, 0x0000000795580000)
  object space 1398272K, 0% used [0x0000000740000000,0x0000000740053460,0x0000000795580000)
 Metaspace       used 2816K, capacity 2898K, committed 3072K, reserved 1056768K
  class space    used 306K, capacity 386K, committed 512K, reserved 1048576K
Event: 0.830 GC heap after
Heap after GC invocations=280 (full 140):
 PSYoungGen      total 183296K, used 0K [0x0000000795580000, 0x00000007a0900000, 0x00000007c0000000)
  eden space 182784K, 0% used [0x0000000795580000,0x0000000795580000,0x00000007a0800000)
  from space 512K, 0% used [0x00000007a0880000,0x00000007a0880000,0x00000007a0900000)
  to   space 512K, 0% used [0x00000007a0800000,0x00000007a0800000,0x00000007a0880000)
 ParOldGen       total 1398272K, used 333K [0x0000000740000000, 0x0000000795580000, 0x0000000795580000)
  object space 1398272K, 0% used [0x0000000740000000,0x0000000740053460,0x0000000795580000)
 Metaspace       used 2816K, capacity 2898K, committed 3072K, reserved 1056768K
  class space    used 306K, capacity 386K, committed 512K, reserved 1048576K
}

