<?xml version="1.0" encoding="UTF-8"?>
<testsuite xmlns:xsi="http://www.w3.org/2001/XMLSchema-instance" xsi:noNamespaceSchemaLocation="https://maven.apache.org/surefire/maven-surefire-plugin/xsd/surefire-test-report.xsd" name="com.liam.demo.jdbc.UserDaoImplTest" time="0.03" tests="1" errors="1" skipped="0" failures="0">
  <properties>
[...]
</properties>
  <testcase name="findUserById" classname="com.liam.demo.jdbc.UserDaoImplTest" time="0.029">
    <error message="&#10;### Error querying database.  Cause: java.lang.IllegalArgumentException: Mapped Statements collection does not contain value for test.findUserById&#10;### Cause: java.lang.IllegalArgumentException: Mapped Statements collection does not contain value for test.findUserById" type="org.apache.ibatis.exceptions.PersistenceException">org.apache.ibatis.exceptions.PersistenceException: 

### Error querying database.  Cause: java.lang.IllegalArgumentException: Mapped Statements collection does not contain value for test.findUserById
### Cause: java.lang.IllegalArgumentException: Mapped Statements collection does not contain value for test.findUserById
	at com.liam.demo.jdbc.UserDaoImplTest.findUserById(UserDaoImplTest.java:30)
Caused by: java.lang.IllegalArgumentException: Mapped Statements collection does not contain value for test.findUserById
	at com.liam.demo.jdbc.UserDaoImplTest.findUserById(UserDaoImplTest.java:30)
</error>
  </testcase>
</testsuite>